0 info it worked if it ends with ok
1 verbose cli [ 'node', '/usr/local/bin/npm', 'install', 'nganimate' ]
2 info using npm@1.4.28
3 info using node@v0.10.33
4 verbose cache add [ 'nganimate', null ]
5 verbose cache add name=undefined spec="nganimate" args=["nganimate",null]
6 verbose parsed url { protocol: null,
6 verbose parsed url   slashes: null,
6 verbose parsed url   auth: null,
6 verbose parsed url   host: null,
6 verbose parsed url   port: null,
6 verbose parsed url   hostname: null,
6 verbose parsed url   hash: null,
6 verbose parsed url   search: null,
6 verbose parsed url   query: null,
6 verbose parsed url   pathname: 'nganimate',
6 verbose parsed url   path: 'nganimate',
6 verbose parsed url   href: 'nganimate' }
7 silly lockFile 2290af39-nganimate nganimate
8 verbose lock nganimate /Users/jacobstroop/.npm/2290af39-nganimate.lock
9 silly lockFile 2290af39-nganimate nganimate
10 silly lockFile 2290af39-nganimate nganimate
11 verbose addNamed [ 'nganimate', '' ]
12 verbose addNamed [ null, '*' ]
13 silly lockFile 13ed90f0-nganimate nganimate@
14 verbose lock nganimate@ /Users/jacobstroop/.npm/13ed90f0-nganimate.lock
15 silly addNameRange { name: 'nganimate', range: '*', hasData: false }
16 verbose request where is /nganimate
17 verbose request registry https://registry.npmjs.org/
18 verbose request id 203ec8b5999f9ff6
19 verbose url raw /nganimate
20 verbose url resolving [ 'https://registry.npmjs.org/', './nganimate' ]
21 verbose url resolved https://registry.npmjs.org/nganimate
22 verbose request where is https://registry.npmjs.org/nganimate
23 info trying registry request attempt 1 at 12:43:52
24 http GET https://registry.npmjs.org/nganimate
25 http 404 https://registry.npmjs.org/nganimate
26 verbose headers { server: 'CouchDB/1.5.0 (Erlang OTP/R16B03)',
26 verbose headers   'content-type': 'application/json',
26 verbose headers   'cache-control': 'max-age=0',
26 verbose headers   'content-length': '51',
26 verbose headers   'accept-ranges': 'bytes',
26 verbose headers   date: 'Wed, 03 Jun 2015 17:43:53 GMT',
26 verbose headers   via: '1.1 varnish',
26 verbose headers   age: '0',
26 verbose headers   connection: 'keep-alive',
26 verbose headers   'x-served-by': 'cache-ord1732-ORD',
26 verbose headers   'x-cache': 'MISS',
26 verbose headers   'x-cache-hits': '0',
26 verbose headers   'x-timer': 'S1433353433.524277,VS0,VE77' }
27 silly registry.get cb [ 404,
27 silly registry.get   { server: 'CouchDB/1.5.0 (Erlang OTP/R16B03)',
27 silly registry.get     'content-type': 'application/json',
27 silly registry.get     'cache-control': 'max-age=0',
27 silly registry.get     'content-length': '51',
27 silly registry.get     'accept-ranges': 'bytes',
27 silly registry.get     date: 'Wed, 03 Jun 2015 17:43:53 GMT',
27 silly registry.get     via: '1.1 varnish',
27 silly registry.get     age: '0',
27 silly registry.get     connection: 'keep-alive',
27 silly registry.get     'x-served-by': 'cache-ord1732-ORD',
27 silly registry.get     'x-cache': 'MISS',
27 silly registry.get     'x-cache-hits': '0',
27 silly registry.get     'x-timer': 'S1433353433.524277,VS0,VE77' } ]
28 silly lockFile 13ed90f0-nganimate nganimate@
29 silly lockFile 13ed90f0-nganimate nganimate@
30 error 404 404 Not Found: nganimate
30 error 404
30 error 404 'nganimate' is not in the npm registry.
30 error 404 You should bug the author to publish it
30 error 404
30 error 404 Note that you can also install from a
30 error 404 tarball, folder, or http url, or git url.
31 error System Darwin 14.4.0
32 error command "node" "/usr/local/bin/npm" "install" "nganimate"
33 error cwd /Users/jacobstroop/Sites/jsApp
34 error node -v v0.10.33
35 error npm -v 1.4.28
36 error code E404
37 verbose exit [ 1, true ]
